Determining if the pthread_create exist failed with the following output:
Change Dir: /home/arnold1992/catkin_ws/src/CSE_190_PA1/CMakeFiles/CMakeTmp

Run Build Command:/usr/bin/make "cmTryCompileExec1922795828/fast"
/usr/bin/make -f CMakeFiles/cmTryCompileExec1922795828.dir/build.make CMakeFiles/cmTryCompileExec1922795828.dir/build
make[1]: Entering directory `/home/arnold1992/catkin_ws/src/CSE_190_PA1/CMakeFiles/CMakeTmp'
/usr/bin/cmake -E cmake_progress_report /home/arnold1992/catkin_ws/src/CSE_190_PA1/CMakeFiles/CMakeTmp/CMakeFiles 1
Building C object CMakeFiles/cmTryCompileExec1922795828.dir/CheckSymbolExists.c.o
/usr/bin/cc    -o CMakeFiles/cmTryCompileExec1922795828.dir/CheckSymbolExists.c.o   -c /home/arnold1992/catkin_ws/src/CSE_190_PA1/CMakeFiles/CMakeTmp/CheckSymbolExists.c
Linking C executable cmTryCompileExec1922795828
/usr/bin/cmake -E cmake_link_script CMakeFiles/cmTryCompileExec1922795828.dir/link.txt --verbose=1
/usr/bin/cc       CMakeFiles/cmTryCompileExec1922795828.dir/CheckSymbolExists.c.o  -o cmTryCompileExec1922795828 -rdynamic 
CMakeFiles/cmTryCompileExec1922795828.dir/CheckSymbolExists.c.o: In function `main':
CheckSymbolExists.c:(.text+0x16): undefined reference to `pthread_create'
collect2: error: ld returned 1 exit status
make[1]: Leaving directory `/home/arnold1992/catkin_ws/src/CSE_190_PA1/CMakeFiles/CMakeTmp'
make[1]: *** [cmTryCompileExec1922795828] Error 1
make: *** [cmTryCompileExec1922795828/fast] Error 2

File /home/arnold1992/catkin_ws/src/CSE_190_PA1/CMakeFiles/CMakeTmp/CheckSymbolExists.c:
/* */
#include <pthread.h>

int main(int argc, char** argv)
{
  (void)argv;
#ifndef pthread_create
  return ((int*)(&pthread_create))[argc];
#else
  (void)argc;
  return 0;
#endif
}

Determining if the function pthread_create exists in the pthreads failed with the following output:
Change Dir: /home/arnold1992/catkin_ws/src/CSE_190_PA1/CMakeFiles/CMakeTmp

Run Build Command:/usr/bin/make "cmTryCompileExec3602499969/fast"
/usr/bin/make -f CMakeFiles/cmTryCompileExec3602499969.dir/build.make CMakeFiles/cmTryCompileExec3602499969.dir/build
make[1]: Entering directory `/home/arnold1992/catkin_ws/src/CSE_190_PA1/CMakeFiles/CMakeTmp'
/usr/bin/cmake -E cmake_progress_report /home/arnold1992/catkin_ws/src/CSE_190_PA1/CMakeFiles/CMakeTmp/CMakeFiles 1
Building C object CMakeFiles/cmTryCompileExec3602499969.dir/CheckFunctionExists.c.o
/usr/bin/cc   -DCHECK_FUNCTION_EXISTS=pthread_create   -o CMakeFiles/cmTryCompileExec3602499969.dir/CheckFunctionExists.c.o   -c /usr/share/cmake-2.8/Modules/CheckFunctionExists.c
Linking C executable cmTryCompileExec3602499969
/usr/bin/cmake -E cmake_link_script CMakeFiles/cmTryCompileExec3602499969.dir/link.txt --verbose=1
/usr/bin/cc   -DCHECK_FUNCTION_EXISTS=pthread_create    CMakeFiles/cmTryCompileExec3602499969.dir/CheckFunctionExists.c.o  -o cmTryCompileExec3602499969 -rdynamic -lpthreads 
/usr/bin/ld: cannot find -lpthreads
collect2: error: ld returned 1 exit status
make[1]: Leaving directory `/home/arnold1992/catkin_ws/src/CSE_190_PA1/CMakeFiles/CMakeTmp'
make[1]: *** [cmTryCompileExec3602499969] Error 1
make: *** [cmTryCompileExec3602499969/fast] Error 2


